
[37.48.116.236|52.198.44.78|37.48.116.236|] UPDATE tb_ADMIN SET logo='gadget', maintain='1', maintain_ment='&lt;div style=\&quot;margin-top:200px; margin-left:500px;\&quot;&gt;&lt;strong&gt;
안녕하세요 운영팀입니다.
&lt;/strong&gt;&lt;br&gt;&lt;br&gt;
쾌적한 서비스를 위해 점검 실시하고 있습니다.
&lt;br&gt;
서버점검 관련하여 아래와 같이 안내드립니다.
&lt;br&gt;&lt;br&gt;&lt;font color=\&quot;FF5E00\&quot;&gt;&lt;strong&gt;
*점검일시 : 1월 14일(토) 낮 14시 ~ 죵료시까지
&lt;br&gt;
*점검내용 : Ui 개선 및 보안 업데이트
&lt;br&gt;&lt;br&gt;&lt;/strong&gt;&lt;font color=\&quot;0F0F0F\&quot;&gt;
&lt;br&gt;
항상 보다 쾌적한 공간을 만들기 위해 최선을 다하는 운영팀이 될 것을 약속드립니다.', exchange_money='10000', bank='신한은행', bank_num='1234', name='(유)세리나', member_join_chu='1', ad='★★신규회원3.6.9이벤트!!★★매충 10% 이벤트!!!★★돌발 이벤트!!★★', wel_memo_title='가입해주셔서 감사드립니다. ^^', wel_memo_content='안녕하세요 회원님^^ 가족이 되신걸 환영하며 감사의 인사를 드립니다.

언제나 신뢰를 바탕으로 투명하고 합리적인 정책을 세워 회원님들과 운영진들간에 존중과 
믿음이 넘치는 늘 즐거운 장소로 거듭날수 있도록 최선을 다해 운영해 나갈것입니다.
지금 당장 배팅을 안하시더라도 저희 놀이터를 지켜봐 주신다면 회원님들로 부터 꼭! 애정과
관심을 받을수 있을것이라 감히 장담해 봅니다.

언제나 회원님들의 건승을 기대합니다. 대단히 감사합니다.', qna_1='★☆ 충전 계좌 안내 ☆★
★☆ 수표 입금 불가 ☆★

&lt;font color=red&gt; 구계좌 입금시 충전 처리가 되지 않으니 반드시 전용계좌 확인하신 후 입금 부탁드립니다. &lt;/font&gt;

★ 입금 후 충전신청 해주시면 더욱 신속한 충전처리가 가능합니다. ★

&lt;b&gt;&lt;font color=#FFE400 size=3&gt; 
★☆ 국민은행 

★☆ 567001-04-346543 

★☆ (주)착한밥상 &lt;/font&gt;


※ 반드시 본인 명의로 입금하셔야 정상적으로 충전처리 됩니다.(타명의 입금시 환급)

※ 은행점검시간에는 거래제한 및 지연이 발생할 수 있습니다.

※ 충전은 10,000원 부터 가능합니다.

&lt;font color=red&gt;※ 계좌문의 후 입금내역이 없는 회원분들은 관심회원으로 등록되며, 지속될시 탈퇴처리 될 수 있습니다.&lt;/font&gt;

언제든지 궁금하신점 있으시면 고객센터 또는 카카오톡으로 문의주시면 신속하고 친절하게 처리하겠습니다.

언제나 회원님들의 건승을 기대합니다. 감사합니다.', qna_2='안녕하세요 운영팀입니다.

★★ 꼭~ 입금 후에 충전 신청을 눌러 주시기 바랍니다 ★★
★★ 꼭~ 입금 후에 충전 신청을 눌러 주시기 바랍니다 ★★

충전신청 방법은 다음과 같습니다.

tt99.kr접속 &gt;&gt; 로그인( 아이디: 현재 본인 아이디 /비밀번호 1212) &gt;&gt;

충전하기 클릭 &gt;&gt; 충전금액 입력 후 왼쪽 가상계좌(빨간배너)클릭 &gt;&gt;

전용계좌 확인 후 입금자명 입력 후 입금 &gt;&gt; 적립요청하기 클릭 &gt;&gt;

페이지에서 입금신청 &gt;&gt; 충전완료!

★ 꼭~ 입금 후에 충전 신청을 눌러 주시기 바랍니다 ★

※ 반드시 본인 예금주 성함으로 입금하셔야 정상적으로 충전이 가능합니다.

※ 무통장입금은 실명인증 불가로 입금 불가. 반드시 본인계좌로 입금바랍니다.

회원님과 사이트간에 금융거래 안전을 위해 입금과정이 번거로운 점 양해바랍니다.

선입금후 충전신청을 해주시기 바라며, 수표입금 및 타명의 입금으로는 충전이 불가한점 숙지하시기 바랍니다.

입금전에 항상 고객센터에 계좌문의를 하신후 입금하시기 바랍니다.

변경된 계좌로 입금하여, 입금확인이 되지 않을경우 모든 책임은 회원님에게 있습니다.

오늘도 즐거운 하루 보내시길 바랍니다^^', qna_3='★☆ 안녕하세요 운영팀입니다. ☆★




언제든지 궁금하신점 있으시면 고객센터, 카카오톡으로 문의주시면 신속한 처리 도와드리겠습니다.

오늘도 즐거운 하루 보내시길 바랍니다. 감사합니다.^^', qna_4='★☆ 안녕하세요 운영팀입니다. ☆★

처리 완료 되었습니다.

잠시 후 새로고침하여 확인 바랍니다.


언제든지 궁금하신점 있으시면 고객센터, 카카오톡으로 문의주시면 신속한 처리 도와드리겠습니다.

오늘도 즐거운 하루 보내시길 바랍니다. 감사합니다.^^', qna_5='★☆ 안녕하세요 운영팀입니다. ☆★

처리 완료 되었습니다.

잠시 후 새로고침하여 확인 바랍니다.


언제든지 궁금하신점 있으시면 고객센터, 카카오톡으로 문의주시면 신속한 처리 도와드리겠습니다.

오늘도 즐거운 하루 보내시길 바랍니다. 감사합니다.^^', qna_6='★☆ 안녕하세요 운영팀입니다. ☆★

처리 완료 되었습니다.

잠시 후 새로고침하여 확인 바랍니다.


언제든지 궁금하신점 있으시면 고객센터, 카카오톡으로 문의주시면 신속한 처리 도와드리겠습니다.

오늘도 즐거운 하루 보내시길 바랍니다. 감사합니다.^^', qna_7='★☆ 안녕하세요 운영팀입니다. ☆★

로그인창에서 회원가입을 클릭 -&gt; 가입인증코드는 회원님 아이디를 입력해주시면 됩니다. 

(지인이아닌 카페나 블로그, 라이브스코어에서 추천 가입시에는 이유 불문하고 강제 탈퇴처리 되오니 
이점 숙지하여 주시기 바랍니다.) 

보안과 안전을 위하여 가까운 지인분들만 추천하여 주시기 바랍니다. 

언제든지 궁금하신점 있으시면 고객센터, 카카오톡으로 문의주시면 신속한 처리 도와드리겠습니다.

오늘도 즐거운 하루 보내시길 바랍니다. 감사합니다.^^', qna_8='★☆ 충전 계좌 안내 ☆★
★☆ 수표 입금 불가 ☆★

&lt;font color=red&gt; 구계좌 입금시 충전 처리가 되지 않으니 반드시 전용계좌 확인하신 후 입금 부탁드립니다. &lt;/font&gt;

★ 입금 후 충전신청 해주시면 더욱 신속한 충전처리가 가능합니다. ★

&lt;b&gt;&lt;font color=#FFE400 size=3&gt; 
★☆ 광주은행

★☆ 1127-020-104021

★☆ (주)한국상사유통 &lt;/font&gt;


※ 반드시 본인 명의로 입금하셔야 정상적으로 충전처리 됩니다.(타명의 입금시 환급)

※ 은행점검시간에는 거래제한 및 지연이 발생할 수 있습니다.

※ 충전은 10,000원 부터 가능합니다.

&lt;font color=red&gt;※ 계좌문의 후 입금내역이 없는 회원분들은 관심회원으로 등록되며, 지속될시 탈퇴처리 될 수 있습니다.&lt;/font&gt;

언제든지 궁금하신점 있으시면 고객센터 또는 카카오톡으로 문의주시면 신속하고 친절하게 처리하겠습니다.

언제나 회원님들의 건승을 기대합니다. 감사합니다.', qna_9='★☆ 안녕하세요 운영팀입니다. ☆★




언제든지 궁금하신점 있으시면 고객센터, 카카오톡으로 문의주시면 신속한 처리 도와드리겠습니다.

오늘도 즐거운 하루 보내시길 바랍니다. 감사합니다.^^', qna_10='★☆ 안녕하세요 운영팀입니다. ☆★

저희 사이트 이용하시는데 불편하신점이 있으셨는지요?

해당부분 말씀해주시면 보완하도록 하겠습니다.

탈퇴신청하신건은 접수 되었습니다.

탈퇴신청 후 7일동안 이용 내역이 없으시면 

회원님의 정보가 자동삭제, 탈퇴처리됩니다.


언제든지 궁금하신점 있으시면 고객센터, 카카오톡으로 문의주시면 신속한 처리 도와드리겠습니다.

오늘도 즐거운 하루 보내시길 바랍니다. 감사합니다.^^', bettingendtime='1', bettingcanceltime='30', bettingcancelbeforetime='10', bettingcancelcnt='5', memo_title_len='100', memo_content_len='1000', quetion_title_len='30', quetion_content_len='1000', board_title_len='30', board_content_len='1000', comment_content_len='1000', board_write_time='5', comment_write_time='5' WHERE logo='gadget'


[37.48.116.236|52.198.44.78|37.48.116.236|] UPDATE tb_ADMIN SET logo='gadget', maintain='1', maintain_ment='&lt;div style=\&quot;margin-top:200px; margin-left:500px;\&quot;&gt;&lt;strong&gt;
안녕하세요 운영팀입니다.
&lt;/strong&gt;&lt;br&gt;&lt;br&gt;
쾌적한 서비스를 위해 점검 실시하고 있습니다.
&lt;br&gt;
서버점검 관련하여 아래와 같이 안내드립니다.
&lt;br&gt;&lt;br&gt;&lt;font color=\&quot;FF5E00\&quot;&gt;&lt;strong&gt;
*점검일시 : 1월 14일(토) 낮 14시 ~ 죵료시까지
&lt;br&gt;
*점검내용 : Ui 개선 및 보안 업데이트
&lt;br&gt;&lt;br&gt;&lt;/strong&gt;&lt;font color=\&quot;0F0F0F\&quot;&gt;
&lt;br&gt;
항상 보다 쾌적한 공간을 만들기 위해 최선을 다하는 운영팀이 될 것을 약속드립니다.', exchange_money='10000', bank='신한은행', bank_num='1234', name='(유)세리나', member_join_chu='1', ad='★★신규회원3.6.9이벤트!!★★매충 10% 이벤트!!!★★돌발 이벤트!!★★', wel_memo_title='가입해주셔서 감사드립니다. ^^', wel_memo_content='안녕하세요 회원님^^ 가족이 되신걸 환영하며 감사의 인사를 드립니다.

언제나 신뢰를 바탕으로 투명하고 합리적인 정책을 세워 회원님들과 운영진들간에 존중과 
믿음이 넘치는 늘 즐거운 장소로 거듭날수 있도록 최선을 다해 운영해 나갈것입니다.
지금 당장 배팅을 안하시더라도 저희 놀이터를 지켜봐 주신다면 회원님들로 부터 꼭! 애정과
관심을 받을수 있을것이라 감히 장담해 봅니다.

언제나 회원님들의 건승을 기대합니다. 대단히 감사합니다.', qna_1='★☆ 충전 계좌 안내 ☆★
★☆ 수표 입금 불가 ☆★

&lt;font color=red&gt; 구계좌 입금시 충전 처리가 되지 않으니 반드시 전용계좌 확인하신 후 입금 부탁드립니다. &lt;/font&gt;

★ 입금 후 충전신청 해주시면 더욱 신속한 충전처리가 가능합니다. ★

&lt;b&gt;&lt;font color=#FFE400 size=3&gt; 
★☆ 국민은행 

★☆ 567001-04-346543 

★☆ (주)착한밥상 &lt;/font&gt;


※ 반드시 본인 명의로 입금하셔야 정상적으로 충전처리 됩니다.(타명의 입금시 환급)

※ 은행점검시간에는 거래제한 및 지연이 발생할 수 있습니다.

※ 충전은 10,000원 부터 가능합니다.

&lt;font color=red&gt;※ 계좌문의 후 입금내역이 없는 회원분들은 관심회원으로 등록되며, 지속될시 탈퇴처리 될 수 있습니다.&lt;/font&gt;

언제든지 궁금하신점 있으시면 고객센터 또는 카카오톡으로 문의주시면 신속하고 친절하게 처리하겠습니다.

언제나 회원님들의 건승을 기대합니다. 감사합니다.', qna_2='안녕하세요 운영팀입니다.

★★ 꼭~ 입금 후에 충전 신청을 눌러 주시기 바랍니다 ★★
★★ 꼭~ 입금 후에 충전 신청을 눌러 주시기 바랍니다 ★★

충전신청 방법은 다음과 같습니다.

tt99.kr접속 &gt;&gt; 로그인( 아이디: 현재 본인 아이디 /비밀번호 1212) &gt;&gt;

충전하기 클릭 &gt;&gt; 충전금액 입력 후 왼쪽 가상계좌(빨간배너)클릭 &gt;&gt;

전용계좌 확인 후 입금자명 입력 후 입금 &gt;&gt; 적립요청하기 클릭 &gt;&gt;

페이지에서 입금신청 &gt;&gt; 충전완료!

★ 꼭~ 입금 후에 충전 신청을 눌러 주시기 바랍니다 ★

※ 반드시 본인 예금주 성함으로 입금하셔야 정상적으로 충전이 가능합니다.

※ 무통장입금은 실명인증 불가로 입금 불가. 반드시 본인계좌로 입금바랍니다.

회원님과 사이트간에 금융거래 안전을 위해 입금과정이 번거로운 점 양해바랍니다.

선입금후 충전신청을 해주시기 바라며, 수표입금 및 타명의 입금으로는 충전이 불가한점 숙지하시기 바랍니다.

입금전에 항상 고객센터에 계좌문의를 하신후 입금하시기 바랍니다.

변경된 계좌로 입금하여, 입금확인이 되지 않을경우 모든 책임은 회원님에게 있습니다.

오늘도 즐거운 하루 보내시길 바랍니다^^', qna_3='★☆ 안녕하세요 운영팀입니다. ☆★




언제든지 궁금하신점 있으시면 고객센터, 카카오톡으로 문의주시면 신속한 처리 도와드리겠습니다.

오늘도 즐거운 하루 보내시길 바랍니다. 감사합니다.^^', qna_4='★☆ 안녕하세요 운영팀입니다. ☆★

처리 완료 되었습니다.

잠시 후 새로고침하여 확인 바랍니다.


언제든지 궁금하신점 있으시면 고객센터, 카카오톡으로 문의주시면 신속한 처리 도와드리겠습니다.

오늘도 즐거운 하루 보내시길 바랍니다. 감사합니다.^^', qna_5='★☆ 안녕하세요 운영팀입니다. ☆★

처리 완료 되었습니다.

잠시 후 새로고침하여 확인 바랍니다.


언제든지 궁금하신점 있으시면 고객센터, 카카오톡으로 문의주시면 신속한 처리 도와드리겠습니다.

오늘도 즐거운 하루 보내시길 바랍니다. 감사합니다.^^', qna_6='★☆ 안녕하세요 운영팀입니다. ☆★

처리 완료 되었습니다.

잠시 후 새로고침하여 확인 바랍니다.


언제든지 궁금하신점 있으시면 고객센터, 카카오톡으로 문의주시면 신속한 처리 도와드리겠습니다.

오늘도 즐거운 하루 보내시길 바랍니다. 감사합니다.^^', qna_7='★☆ 안녕하세요 운영팀입니다. ☆★

로그인창에서 회원가입을 클릭 -&gt; 가입인증코드는 회원님 아이디를 입력해주시면 됩니다. 

(지인이아닌 카페나 블로그, 라이브스코어에서 추천 가입시에는 이유 불문하고 강제 탈퇴처리 되오니 
이점 숙지하여 주시기 바랍니다.) 

보안과 안전을 위하여 가까운 지인분들만 추천하여 주시기 바랍니다. 

언제든지 궁금하신점 있으시면 고객센터, 카카오톡으로 문의주시면 신속한 처리 도와드리겠습니다.

오늘도 즐거운 하루 보내시길 바랍니다. 감사합니다.^^', qna_8='★☆ 충전 계좌 안내 ☆★
★☆ 수표 입금 불가 ☆★

&lt;font color=red&gt; 구계좌 입금시 충전 처리가 되지 않으니 반드시 전용계좌 확인하신 후 입금 부탁드립니다. &lt;/font&gt;

★ 입금 후 충전신청 해주시면 더욱 신속한 충전처리가 가능합니다. ★

&lt;b&gt;&lt;font color=#FFE400 size=3&gt; 
★☆ 광주은행

★☆ 1127-020-104021

★☆ (주)한국상사유통 &lt;/font&gt;


※ 반드시 본인 명의로 입금하셔야 정상적으로 충전처리 됩니다.(타명의 입금시 환급)

※ 은행점검시간에는 거래제한 및 지연이 발생할 수 있습니다.

※ 충전은 10,000원 부터 가능합니다.

&lt;font color=red&gt;※ 계좌문의 후 입금내역이 없는 회원분들은 관심회원으로 등록되며, 지속될시 탈퇴처리 될 수 있습니다.&lt;/font&gt;

언제든지 궁금하신점 있으시면 고객센터 또는 카카오톡으로 문의주시면 신속하고 친절하게 처리하겠습니다.

언제나 회원님들의 건승을 기대합니다. 감사합니다.', qna_9='★☆ 안녕하세요 운영팀입니다. ☆★




언제든지 궁금하신점 있으시면 고객센터, 카카오톡으로 문의주시면 신속한 처리 도와드리겠습니다.

오늘도 즐거운 하루 보내시길 바랍니다. 감사합니다.^^', qna_10='★☆ 안녕하세요 운영팀입니다. ☆★

저희 사이트 이용하시는데 불편하신점이 있으셨는지요?

해당부분 말씀해주시면 보완하도록 하겠습니다.

탈퇴신청하신건은 접수 되었습니다.

탈퇴신청 후 7일동안 이용 내역이 없으시면 

회원님의 정보가 자동삭제, 탈퇴처리됩니다.


언제든지 궁금하신점 있으시면 고객센터, 카카오톡으로 문의주시면 신속한 처리 도와드리겠습니다.

오늘도 즐거운 하루 보내시길 바랍니다. 감사합니다.^^', bettingendtime='1', bettingcanceltime='30', bettingcancelbeforetime='10', bettingcancelcnt='5', memo_title_len='100', memo_content_len='1000', quetion_title_len='30', quetion_content_len='1000', board_title_len='30', board_content_len='1000', comment_content_len='1000', board_write_time='5', comment_write_time='5' WHERE logo='gadget'


[37.48.116.236|52.198.44.78|37.48.116.236|] UPDATE tb_admin SET logo='gadget', maintain='1', maintain_ment='&lt;div style=\&quot;margin-top:200px; margin-left:500px;\&quot;&gt;&lt;strong&gt;
안녕하세요 운영팀입니다.
&lt;/strong&gt;&lt;br&gt;&lt;br&gt;
쾌적한 서비스를 위해 점검 실시하고 있습니다.
&lt;br&gt;
서버점검 관련하여 아래와 같이 안내드립니다.
&lt;br&gt;&lt;br&gt;&lt;font color=\&quot;FF5E00\&quot;&gt;&lt;strong&gt;
*점검일시 : 1월 14일(토) 낮 14시 ~ 죵료시까지
&lt;br&gt;
*점검내용 : Ui 개선 및 보안 업데이트
&lt;br&gt;&lt;br&gt;&lt;/strong&gt;&lt;font color=\&quot;0F0F0F\&quot;&gt;
&lt;br&gt;
항상 보다 쾌적한 공간을 만들기 위해 최선을 다하는 운영팀이 될 것을 약속드립니다.', exchange_money='10000', bank='신한은행', bank_num='1234', name='(유)세리나', member_join_chu='1', ad='★★신규회원3.6.9이벤트!!★★매충 10% 이벤트!!!★★돌발 이벤트!!★★', wel_memo_title='가입해주셔서 감사드립니다. ^^', wel_memo_content='안녕하세요 회원님^^ 가족이 되신걸 환영하며 감사의 인사를 드립니다.

언제나 신뢰를 바탕으로 투명하고 합리적인 정책을 세워 회원님들과 운영진들간에 존중과 
믿음이 넘치는 늘 즐거운 장소로 거듭날수 있도록 최선을 다해 운영해 나갈것입니다.
지금 당장 배팅을 안하시더라도 저희 놀이터를 지켜봐 주신다면 회원님들로 부터 꼭! 애정과
관심을 받을수 있을것이라 감히 장담해 봅니다.

언제나 회원님들의 건승을 기대합니다. 대단히 감사합니다.', qna_1='★☆ 충전 계좌 안내 ☆★
★☆ 수표 입금 불가 ☆★

&lt;font color=red&gt; 구계좌 입금시 충전 처리가 되지 않으니 반드시 전용계좌 확인하신 후 입금 부탁드립니다. &lt;/font&gt;

★ 입금 후 충전신청 해주시면 더욱 신속한 충전처리가 가능합니다. ★

&lt;b&gt;&lt;font color=#FFE400 size=3&gt; 
★☆ 국민은행 

★☆ 567001-04-346543 

★☆ (주)착한밥상 &lt;/font&gt;


※ 반드시 본인 명의로 입금하셔야 정상적으로 충전처리 됩니다.(타명의 입금시 환급)

※ 은행점검시간에는 거래제한 및 지연이 발생할 수 있습니다.

※ 충전은 10,000원 부터 가능합니다.

&lt;font color=red&gt;※ 계좌문의 후 입금내역이 없는 회원분들은 관심회원으로 등록되며, 지속될시 탈퇴처리 될 수 있습니다.&lt;/font&gt;

언제든지 궁금하신점 있으시면 고객센터 또는 카카오톡으로 문의주시면 신속하고 친절하게 처리하겠습니다.

언제나 회원님들의 건승을 기대합니다. 감사합니다.', qna_2='안녕하세요 운영팀입니다.

★★ 꼭~ 입금 후에 충전 신청을 눌러 주시기 바랍니다 ★★
★★ 꼭~ 입금 후에 충전 신청을 눌러 주시기 바랍니다 ★★

충전신청 방법은 다음과 같습니다.

tt99.kr접속 &gt;&gt; 로그인( 아이디: 현재 본인 아이디 /비밀번호 1212) &gt;&gt;

충전하기 클릭 &gt;&gt; 충전금액 입력 후 왼쪽 가상계좌(빨간배너)클릭 &gt;&gt;

전용계좌 확인 후 입금자명 입력 후 입금 &gt;&gt; 적립요청하기 클릭 &gt;&gt;

페이지에서 입금신청 &gt;&gt; 충전완료!

★ 꼭~ 입금 후에 충전 신청을 눌러 주시기 바랍니다 ★

※ 반드시 본인 예금주 성함으로 입금하셔야 정상적으로 충전이 가능합니다.

※ 무통장입금은 실명인증 불가로 입금 불가. 반드시 본인계좌로 입금바랍니다.

회원님과 사이트간에 금융거래 안전을 위해 입금과정이 번거로운 점 양해바랍니다.

선입금후 충전신청을 해주시기 바라며, 수표입금 및 타명의 입금으로는 충전이 불가한점 숙지하시기 바랍니다.

입금전에 항상 고객센터에 계좌문의를 하신후 입금하시기 바랍니다.

변경된 계좌로 입금하여, 입금확인이 되지 않을경우 모든 책임은 회원님에게 있습니다.

오늘도 즐거운 하루 보내시길 바랍니다^^', qna_3='★☆ 안녕하세요 운영팀입니다. ☆★




언제든지 궁금하신점 있으시면 고객센터, 카카오톡으로 문의주시면 신속한 처리 도와드리겠습니다.

오늘도 즐거운 하루 보내시길 바랍니다. 감사합니다.^^', qna_4='★☆ 안녕하세요 운영팀입니다. ☆★

처리 완료 되었습니다.

잠시 후 새로고침하여 확인 바랍니다.


언제든지 궁금하신점 있으시면 고객센터, 카카오톡으로 문의주시면 신속한 처리 도와드리겠습니다.

오늘도 즐거운 하루 보내시길 바랍니다. 감사합니다.^^', qna_5='★☆ 안녕하세요 운영팀입니다. ☆★

처리 완료 되었습니다.

잠시 후 새로고침하여 확인 바랍니다.


언제든지 궁금하신점 있으시면 고객센터, 카카오톡으로 문의주시면 신속한 처리 도와드리겠습니다.

오늘도 즐거운 하루 보내시길 바랍니다. 감사합니다.^^', qna_6='★☆ 안녕하세요 운영팀입니다. ☆★

처리 완료 되었습니다.

잠시 후 새로고침하여 확인 바랍니다.


언제든지 궁금하신점 있으시면 고객센터, 카카오톡으로 문의주시면 신속한 처리 도와드리겠습니다.

오늘도 즐거운 하루 보내시길 바랍니다. 감사합니다.^^', qna_7='★☆ 안녕하세요 운영팀입니다. ☆★

로그인창에서 회원가입을 클릭 -&gt; 가입인증코드는 회원님 아이디를 입력해주시면 됩니다. 

(지인이아닌 카페나 블로그, 라이브스코어에서 추천 가입시에는 이유 불문하고 강제 탈퇴처리 되오니 
이점 숙지하여 주시기 바랍니다.) 

보안과 안전을 위하여 가까운 지인분들만 추천하여 주시기 바랍니다. 

언제든지 궁금하신점 있으시면 고객센터, 카카오톡으로 문의주시면 신속한 처리 도와드리겠습니다.

오늘도 즐거운 하루 보내시길 바랍니다. 감사합니다.^^', qna_8='★☆ 충전 계좌 안내 ☆★
★☆ 수표 입금 불가 ☆★

&lt;font color=red&gt; 구계좌 입금시 충전 처리가 되지 않으니 반드시 전용계좌 확인하신 후 입금 부탁드립니다. &lt;/font&gt;

★ 입금 후 충전신청 해주시면 더욱 신속한 충전처리가 가능합니다. ★

&lt;b&gt;&lt;font color=#FFE400 size=3&gt; 
★☆ 광주은행

★☆ 1127-020-104021

★☆ (주)한국상사유통 &lt;/font&gt;


※ 반드시 본인 명의로 입금하셔야 정상적으로 충전처리 됩니다.(타명의 입금시 환급)

※ 은행점검시간에는 거래제한 및 지연이 발생할 수 있습니다.

※ 충전은 10,000원 부터 가능합니다.

&lt;font color=red&gt;※ 계좌문의 후 입금내역이 없는 회원분들은 관심회원으로 등록되며, 지속될시 탈퇴처리 될 수 있습니다.&lt;/font&gt;

언제든지 궁금하신점 있으시면 고객센터 또는 카카오톡으로 문의주시면 신속하고 친절하게 처리하겠습니다.

언제나 회원님들의 건승을 기대합니다. 감사합니다.', qna_9='★☆ 안녕하세요 운영팀입니다. ☆★




언제든지 궁금하신점 있으시면 고객센터, 카카오톡으로 문의주시면 신속한 처리 도와드리겠습니다.

오늘도 즐거운 하루 보내시길 바랍니다. 감사합니다.^^', qna_10='★☆ 안녕하세요 운영팀입니다. ☆★

저희 사이트 이용하시는데 불편하신점이 있으셨는지요?

해당부분 말씀해주시면 보완하도록 하겠습니다.

탈퇴신청하신건은 접수 되었습니다.

탈퇴신청 후 7일동안 이용 내역이 없으시면 

회원님의 정보가 자동삭제, 탈퇴처리됩니다.


언제든지 궁금하신점 있으시면 고객센터, 카카오톡으로 문의주시면 신속한 처리 도와드리겠습니다.

오늘도 즐거운 하루 보내시길 바랍니다. 감사합니다.^^', bettingendtime='1', bettingcanceltime='30', bettingcancelbeforetime='10', bettingcancelcnt='5', memo_title_len='100', memo_content_len='1000', quetion_title_len='30', quetion_content_len='1000', board_title_len='30', board_content_len='1000', comment_content_len='1000', board_write_time='5', comment_write_time='5' WHERE logo='gadget'


[37.48.116.236|52.198.44.78|37.48.116.236|] UPDATE tb_admin SET logo='gadget', maintain='1', maintain_ment='&lt;div style=\&quot;margin-top:200px; margin-left:500px;\&quot;&gt;&lt;strong&gt;
안녕하세요 운영팀입니다. 
&lt;/strong&gt;&lt;br&gt;&lt;br&gt;
쾌적한 서비스를 위해 점검 실시하고 있습니다.
&lt;br&gt;
서버점검 관련하여 아래와 같이 안내드립니다.
&lt;br&gt;&lt;br&gt;&lt;font color=\&quot;FF5E00\&quot;&gt;&lt;strong&gt;
*점검일시 : 1월 14일(토) 낮 14시 ~ 죵료시까지
&lt;br&gt;
*점검내용 : Ui 개선 및 보안 업데이트
&lt;br&gt;&lt;br&gt;&lt;/strong&gt;&lt;font color=\&quot;0F0F0F\&quot;&gt;
&lt;br&gt;
항상 보다 쾌적한 공간을 만들기 위해 최선을 다하는 운영팀이 될 것을 약속드립니다.', exchange_money='10000', bank='신한은행', bank_num='1234', name='(유)세리나', member_join_chu='1', ad='★★신규회원3.6.9이벤트!!★★매충 10% 이벤트!!!★★돌발 이벤트!!★★', wel_memo_title='가입해주셔서 감사드립니다. ^^', wel_memo_content='안녕하세요 회원님^^ 가족이 되신걸 환영하며 감사의 인사를 드립니다.

언제나 신뢰를 바탕으로 투명하고 합리적인 정책을 세워 회원님들과 운영진들간에 존중과 
믿음이 넘치는 늘 즐거운 장소로 거듭날수 있도록 최선을 다해 운영해 나갈것입니다.
지금 당장 배팅을 안하시더라도 저희 놀이터를 지켜봐 주신다면 회원님들로 부터 꼭! 애정과
관심을 받을수 있을것이라 감히 장담해 봅니다.

언제나 회원님들의 건승을 기대합니다. 대단히 감사합니다.', qna_1='★☆ 충전 계좌 안내 ☆★
★☆ 수표 입금 불가 ☆★

&lt;font color=red&gt; 구계좌 입금시 충전 처리가 되지 않으니 반드시 전용계좌 확인하신 후 입금 부탁드립니다. &lt;/font&gt;

★ 입금 후 충전신청 해주시면 더욱 신속한 충전처리가 가능합니다. ★

&lt;b&gt;&lt;font color=#FFE400 size=3&gt; 
★☆ 국민은행 

★☆ 567001-04-346543 

★☆ (주)착한밥상 &lt;/font&gt;


※ 반드시 본인 명의로 입금하셔야 정상적으로 충전처리 됩니다.(타명의 입금시 환급)

※ 은행점검시간에는 거래제한 및 지연이 발생할 수 있습니다.

※ 충전은 10,000원 부터 가능합니다.

&lt;font color=red&gt;※ 계좌문의 후 입금내역이 없는 회원분들은 관심회원으로 등록되며, 지속될시 탈퇴처리 될 수 있습니다.&lt;/font&gt;

언제든지 궁금하신점 있으시면 고객센터 또는 카카오톡으로 문의주시면 신속하고 친절하게 처리하겠습니다.

언제나 회원님들의 건승을 기대합니다. 감사합니다.', qna_2='안녕하세요 운영팀입니다.

★★ 꼭~ 입금 후에 충전 신청을 눌러 주시기 바랍니다 ★★
★★ 꼭~ 입금 후에 충전 신청을 눌러 주시기 바랍니다 ★★

충전신청 방법은 다음과 같습니다.

tt99.kr접속 &gt;&gt; 로그인( 아이디: 현재 본인 아이디 /비밀번호 1212) &gt;&gt;

충전하기 클릭 &gt;&gt; 충전금액 입력 후 왼쪽 가상계좌(빨간배너)클릭 &gt;&gt;

전용계좌 확인 후 입금자명 입력 후 입금 &gt;&gt; 적립요청하기 클릭 &gt;&gt;

페이지에서 입금신청 &gt;&gt; 충전완료!

★ 꼭~ 입금 후에 충전 신청을 눌러 주시기 바랍니다 ★

※ 반드시 본인 예금주 성함으로 입금하셔야 정상적으로 충전이 가능합니다.

※ 무통장입금은 실명인증 불가로 입금 불가. 반드시 본인계좌로 입금바랍니다.

회원님과 사이트간에 금융거래 안전을 위해 입금과정이 번거로운 점 양해바랍니다.

선입금후 충전신청을 해주시기 바라며, 수표입금 및 타명의 입금으로는 충전이 불가한점 숙지하시기 바랍니다.

입금전에 항상 고객센터에 계좌문의를 하신후 입금하시기 바랍니다.

변경된 계좌로 입금하여, 입금확인이 되지 않을경우 모든 책임은 회원님에게 있습니다.

오늘도 즐거운 하루 보내시길 바랍니다^^', qna_3='★☆ 안녕하세요 운영팀입니다. ☆★




언제든지 궁금하신점 있으시면 고객센터, 카카오톡으로 문의주시면 신속한 처리 도와드리겠습니다.

오늘도 즐거운 하루 보내시길 바랍니다. 감사합니다.^^', qna_4='★☆ 안녕하세요 운영팀입니다. ☆★

처리 완료 되었습니다.

잠시 후 새로고침하여 확인 바랍니다.


언제든지 궁금하신점 있으시면 고객센터, 카카오톡으로 문의주시면 신속한 처리 도와드리겠습니다.

오늘도 즐거운 하루 보내시길 바랍니다. 감사합니다.^^', qna_5='★☆ 안녕하세요 운영팀입니다. ☆★

처리 완료 되었습니다.

잠시 후 새로고침하여 확인 바랍니다.


언제든지 궁금하신점 있으시면 고객센터, 카카오톡으로 문의주시면 신속한 처리 도와드리겠습니다.

오늘도 즐거운 하루 보내시길 바랍니다. 감사합니다.^^', qna_6='★☆ 안녕하세요 운영팀입니다. ☆★

처리 완료 되었습니다.

잠시 후 새로고침하여 확인 바랍니다.


언제든지 궁금하신점 있으시면 고객센터, 카카오톡으로 문의주시면 신속한 처리 도와드리겠습니다.

오늘도 즐거운 하루 보내시길 바랍니다. 감사합니다.^^', qna_7='★☆ 안녕하세요 운영팀입니다. ☆★

로그인창에서 회원가입을 클릭 -&gt; 가입인증코드는 회원님 아이디를 입력해주시면 됩니다. 

(지인이아닌 카페나 블로그, 라이브스코어에서 추천 가입시에는 이유 불문하고 강제 탈퇴처리 되오니 
이점 숙지하여 주시기 바랍니다.) 

보안과 안전을 위하여 가까운 지인분들만 추천하여 주시기 바랍니다. 

언제든지 궁금하신점 있으시면 고객센터, 카카오톡으로 문의주시면 신속한 처리 도와드리겠습니다.

오늘도 즐거운 하루 보내시길 바랍니다. 감사합니다.^^', qna_8='★☆ 충전 계좌 안내 ☆★
★☆ 수표 입금 불가 ☆★

&lt;font color=red&gt; 구계좌 입금시 충전 처리가 되지 않으니 반드시 전용계좌 확인하신 후 입금 부탁드립니다. &lt;/font&gt;

★ 입금 후 충전신청 해주시면 더욱 신속한 충전처리가 가능합니다. ★

&lt;b&gt;&lt;font color=#FFE400 size=3&gt; 
★☆ 광주은행

★☆ 1127-020-104021

★☆ (주)한국상사유통 &lt;/font&gt;


※ 반드시 본인 명의로 입금하셔야 정상적으로 충전처리 됩니다.(타명의 입금시 환급)

※ 은행점검시간에는 거래제한 및 지연이 발생할 수 있습니다.

※ 충전은 10,000원 부터 가능합니다.

&lt;font color=red&gt;※ 계좌문의 후 입금내역이 없는 회원분들은 관심회원으로 등록되며, 지속될시 탈퇴처리 될 수 있습니다.&lt;/font&gt;

언제든지 궁금하신점 있으시면 고객센터 또는 카카오톡으로 문의주시면 신속하고 친절하게 처리하겠습니다.

언제나 회원님들의 건승을 기대합니다. 감사합니다.', qna_9='★☆ 안녕하세요 운영팀입니다. ☆★




언제든지 궁금하신점 있으시면 고객센터, 카카오톡으로 문의주시면 신속한 처리 도와드리겠습니다.

오늘도 즐거운 하루 보내시길 바랍니다. 감사합니다.^^', qna_10='★☆ 안녕하세요 운영팀입니다. ☆★

저희 사이트 이용하시는데 불편하신점이 있으셨는지요?

해당부분 말씀해주시면 보완하도록 하겠습니다.

탈퇴신청하신건은 접수 되었습니다.

탈퇴신청 후 7일동안 이용 내역이 없으시면 

회원님의 정보가 자동삭제, 탈퇴처리됩니다.


언제든지 궁금하신점 있으시면 고객센터, 카카오톡으로 문의주시면 신속한 처리 도와드리겠습니다.

오늘도 즐거운 하루 보내시길 바랍니다. 감사합니다.^^', bettingendtime='1', bettingcanceltime='30', bettingcancelbeforetime='10', bettingcancelcnt='5', memo_title_len='100', memo_content_len='1000', quetion_title_len='30', quetion_content_len='1000', board_title_len='30', board_content_len='1000', comment_content_len='1000', board_write_time='5', comment_write_time='5' WHERE logo='gadget'

